    1  ssh-keygen -t rsa -b 4096
    2  eval "$(ssh-agent -s)"
    3  ssh-add ~/.ssh/id_rsa
    4  clip < ~/.ssh/id_rsa.pub

    5  clip < ~/.ssh/id_rsa.pub
    6  eval "$(ssh-agent -s)"
    7  ssh-add ~/.ssh/id_rsa
    8  clip < ~/.ssh/id_rsa.pub
 
   9  clip < ~/.ssh/id_rsa.pub
   10  clip < ~/.ssh/id_rsa.pub
   11  cat ~/.ssh/id_rsa.pub >/dev/clipboard
 
  12   cat ~/.ssh/id_rsa.pub >/dev/clipboard
   13  cd /c/Omat/rep
   14  git init
   15  git add.
   16  git add .
  
 17  git commit -m"first commit"
   18  git remote add origin [https://github.com/t5have02]
   19  git remote -v
  
 20  git push origin master
   21  git remote add origin https://github.com/t5have02/ShortCat.git
  
 22  git remote rename <[https://github.com/t5have02]><https://github.com/t5have02/ShortCat.git>
  
 23  git remote set url delete
   24  git remote -v
   25  git remote remove push
   26  git remote
  
 27  git remote -v
   28  git remote set-url
   29  git delete
   30  git--delete
   31  git remote -v
 
  32  git remote push
   33  git remote rename [https://github.com/t5have02] https://github.com/t5have02/ShortCat.git
  
 34  git remote set-url origin rename [https://github.com/t5have02] https://github.com/t5have02/ShortCat.git
  
 35  git remote set-url origin rename [https://github.com/t5have02] https://github.com/t5have02/ShortCat.git
 
  36  git remote set-url origin https://github.com/t5have02/ShortCat.git
   37  remote -v
   38  git remote -v
 
  39  git push origin master
   40  git branch b1
   41  git branch b1
   42  git branch
   43  git add .
 
  44  git commit -m "longer cat"
   45  git checkout b1
   46  git branch
   47  git add .
   48  git commit -m "ears"

   49  git checkout master
   50  git branch
   51  git merge bi -m "merge"
   52  git merge b1 -m "merge"
 
  53  git branch -d b1
   54  git branch
  55  git push origin master 56  history > mylogi .log
   57  history > mylogi.log

20 eteenp‰in oli pient‰ h‰mminki‰, koska laitoin v‰‰r‰n osoitteen ja kokeilin muuttaa sen oikeaksi. Lopulta onnistuin, muuten kaikki on ohjeen mukaan tehty.
J‰ toimi kuten pitikin.